<?xml version="1.0" encoding="UTF-8"?>
<!-- Generated by org.testng.reporters.JUnitReportReporter -->
<testsuite hostname="Aniket-Jack-Pc" failures="0" tests="1" name="testCases.TC_addition" time="1.407" errors="0" timestamp="2021-11-27T17:57:49 IST" skipped="0">
  <testcase classname="testCases.TC_addition" name="addTest" time="1.407"/>
  <system-out/>
</testsuite> <!-- testCases.TC_addition -->
