<?xml version="1.0" encoding="UTF-8"?>
<!-- Generated by org.testng.reporters.JUnitReportReporter -->
<testsuite hostname="Aniket-Jack-Pc" failures="0" tests="1" name="testCases.TC_simpleOperations" time="2.082" errors="0" timestamp="2021-11-27T18:50:01 IST" skipped="0">
  <testcase classname="testCases.TC_simpleOperations" name="performTest" time="2.082"/>
  <system-out/>
</testsuite> <!-- testCases.TC_simpleOperations -->
